[debug] [2025-08-30T16:30:52.699Z] ----------------------------------------------------------------------
[debug] [2025-08-30T16:30:52.710Z] Command:       C:\Program Files\nodejs\node.exe C:\Users\DEll\AppData\Roaming\npm\node_modules\firebase-tools\lib\bin\firebase.js init
[debug] [2025-08-30T16:30:52.711Z] CLI Version:   14.15.1
[debug] [2025-08-30T16:30:52.712Z] Platform:      win32
[debug] [2025-08-30T16:30:52.712Z] Node Version:  v22.18.0
[debug] [2025-08-30T16:30:52.713Z] Time:          Sat Aug 30 2025 22:00:52 GMT+0530 (India Standard Time)
[debug] [2025-08-30T16:30:52.714Z] ----------------------------------------------------------------------
[debug] 
[debug] [2025-08-30T16:30:54.009Z] > command requires scopes: ["email","openid","https://www.googleapis.com/auth/cloudplatformprojects.readonly","https://www.googleapis.com/auth/firebase","https://www.googleapis.com/auth/cloud-platform"]
[debug] [2025-08-30T16:30:54.010Z] > authorizing via signed-in user (budhirajaservices@gmail.com)
[info] 
     ######## #### ########  ######## ########     ###     ######  ########
     ##        ##  ##     ## ##       ##     ##  ##   ##  ##       ##
     ######    ##  ########  ######   ########  #########  ######  ######
     ##        ##  ##    ##  ##       ##     ## ##     ##       ## ##
     ##       #### ##     ## ######## ########  ##     ##  ######  ########

You're about to initialize a Firebase project in this directory:

  C:\Users\DEll

Before we get started, keep in mind:

  * You are initializing within an existing Firebase project directory

[info] 
=== Project Setup
[info] 
[info] First, let's associate this project directory with a Firebase project.
[info] You can create multiple project aliases by running firebase use --add, 
[info] but for now we'll just set up a default project.
[info] 
[debug] [2025-08-30T16:31:07.834Z] Using project from CLI flag: luckydraw-pro-gojy0
[debug] [2025-08-30T16:31:07.840Z] Checked if tokens are valid: false, expires at: 1751206803457
[debug] [2025-08-30T16:31:07.841Z] Checked if tokens are valid: false, expires at: 1751206803457
[debug] [2025-08-30T16:31:07.842Z] > refreshing access token with scopes: []
[debug] [2025-08-30T16:31:07.850Z] >>> [apiv2][query] POST https://www.googleapis.com/oauth2/v3/token [none]
[debug] [2025-08-30T16:31:07.851Z] >>> [apiv2][body] POST https://www.googleapis.com/oauth2/v3/token [omitted]
[debug] [2025-08-30T16:31:08.221Z] <<< [apiv2][status] POST https://www.googleapis.com/oauth2/v3/token 400
[debug] [2025-08-30T16:31:08.222Z] <<< [apiv2][body] POST https://www.googleapis.com/oauth2/v3/token [omitted]
[debug] [2025-08-30T16:31:08.223Z] >>> [apiv2][query] GET https://firebase.googleapis.com/v1beta1/projects/luckydraw-pro-gojy0 [none]
[debug] [2025-08-30T16:31:08.671Z] <<< [apiv2][status] GET https://firebase.googleapis.com/v1beta1/projects/luckydraw-pro-gojy0 401
[debug] [2025-08-30T16:31:08.672Z] <<< [apiv2][body] GET https://firebase.googleapis.com/v1beta1/projects/luckydraw-pro-gojy0 {"error":{"code":401,"message":"Request had invalid authentication credentials. Expected OAuth 2 access token, login cookie or other valid authentication credential. See https://developers.google.com/identity/sign-in/web/devconsole-project.","status":"UNAUTHENTICATED"}}
[debug] [2025-08-30T16:31:08.672Z] Got a 401 Unauthenticated error for a call that required authentication. Refreshing tokens.
[debug] [2025-08-30T16:31:08.673Z] Checked if tokens are valid: false, expires at: 1751206803457
[debug] [2025-08-30T16:31:08.673Z] Checked if tokens are valid: false, expires at: 1751206803457
[debug] [2025-08-30T16:31:08.673Z] > refreshing access token with scopes: []
[debug] [2025-08-30T16:31:08.675Z] >>> [apiv2][query] POST https://www.googleapis.com/oauth2/v3/token [none]
[debug] [2025-08-30T16:31:08.675Z] >>> [apiv2][body] POST https://www.googleapis.com/oauth2/v3/token [omitted]
[debug] [2025-08-30T16:31:08.790Z] <<< [apiv2][status] POST https://www.googleapis.com/oauth2/v3/token 400
[debug] [2025-08-30T16:31:08.790Z] <<< [apiv2][body] POST https://www.googleapis.com/oauth2/v3/token [omitted]
[debug] [2025-08-30T16:31:08.793Z] Request to https://firebase.googleapis.com/v1beta1/projects/luckydraw-pro-gojy0 had HTTP Error: 401, Request had invalid authentication credentials. Expected OAuth 2 access token, login cookie or other valid authentication credential. See https://developers.google.com/identity/sign-in/web/devconsole-project.
[debug] [2025-08-30T16:31:08.939Z] FirebaseError: Request to https://firebase.googleapis.com/v1beta1/projects/luckydraw-pro-gojy0 had HTTP Error: 401, Request had invalid authentication credentials. Expected OAuth 2 access token, login cookie or other valid authentication credential. See https://developers.google.com/identity/sign-in/web/devconsole-project.
    at responseToError (C:\Users\DEll\AppData\Roaming\npm\node_modules\firebase-tools\lib\responseToError.js:52:12)
    at RetryOperation._fn (C:\Users\DEll\AppData\Roaming\npm\node_modules\firebase-tools\lib\apiv2.js:312:77)
    at process.processTicksAndRejections (node:internal/process/task_queues:105:5)
[error] 
[error] Error: Failed to get Firebase project luckydraw-pro-gojy0. Please make sure the project exists and your account has permission to access it.
